<?xml version="1.0" encoding="UTF-8"?>
<!-- Generated by org.testng.reporters.JUnitXMLReporter -->
<testsuite ignored="2" hostname="Rupankar-PC-2001" failures="0" tests="20" name="Test" time="35.505" errors="0" timestamp="2023-07-18T17:22:54 IST">
  <testcase classname="Test.TravelInsuranceTest" name="travel_insurance_button" time="0.152"/>
  <testcase classname="Test.TravelInsuranceTest" name="country_selection" time="3.075"/>
  <testcase classname="Test.TravelInsuranceTest" name="checkInOut_Date" time="1.215"/>
  <testcase classname="Test.TravelInsuranceTest" name="people_and_age" time="1.087"/>
  <testcase classname="Test.TravelInsuranceTest" name="disease" time="1.27"/>
  <testcase classname="Test.TravelInsuranceTest" name="mobileNo" time="0.252"/>
  <testcase classname="Test.TravelInsuranceTest" name="age_of_students" time="4.103"/>
  <testcase classname="Test.TravelInsuranceTest" name="duration" time="0.363"/>
  <testcase classname="Test.TravelInsuranceTest" name="sort_low_to_high" time="1.297"/>
  <testcase classname="Test.TravelInsuranceTest" name="display_3_lowest_plans" time="1.197"/>
  <testcase classname="Test.VehicleInsuranceTest" name="hover_select" time="1.884"/>
  <testcase classname="Test.VehicleInsuranceTest" name="proceed_without_no" time="0.183"/>
  <testcase classname="Test.VehicleInsuranceTest" name="city_region" time="1.344"/>
  <testcase classname="Test.VehicleInsuranceTest" name="brand_model" time="0.587"/>
  <testcase classname="Test.VehicleInsuranceTest" name="fuel_type_variant" time="0.322"/>
  <testcase classname="Test.VehicleInsuranceTest" name="reg_year" time="0.093"/>
  <testcase classname="Test.VehicleInsuranceTest" name="invalidDetails" time="0.411"/>
  <testcase classname="Test.VehicleInsuranceTest" name="invalidDetails_message_capture" time="0.091"/>
  <testcase classname="Test.HealthInsuranceTest" name="hover_on_insuranceProducts_dropdown" time="0.276"/>
  <testcase classname="Test.HealthInsuranceTest" name="extract_HealthInsurance_menu_items" time="0.617"/>
  <testcase classname="BasePackage.Base" name="@AfterTest reportend" time="0.0">
    <ignored/>
  </testcase> <!-- @AfterTest reportend -->
  <testcase classname="BasePackage.Base" name="@AfterTest reportend" time="0.0">
    <ignored/>
  </testcase> <!-- @AfterTest reportend -->
</testsuite> <!-- Test -->
